{
  "RSpec": {
    "coverage": {
      "/home/suraj/Desktop/CognitiveCloud Exam/question_2/spec/requests/api/robots_spec.rb": {
        "lines": [
          1,
          null,
          1,
          1,
          1,
          null,
          null,
          1,
          1,
          null,
          null,
          1,
          1,
          null,
          null,
          1,
          1,
          null,
          null,
          1,
          1,
          null,
          null,
          1,
          1,
          1,
          1,
          null,
          null,
          null,
          null,
          1,
          null,
          null,
          1,
          1,
          1,
          null,
          null,
          null,
          null,
          1,
          null,
          null,
          1,
          1,
          1,
          null,
          null,
          null,
          null,
          1,
          null,
          null,
          1,
          1,
          1,
          null,
          null,
          null,
          null,
          1,
          null,
          null,
          1,
          1,
          1,
          null,
          null,
          null,
          null,
          1,
          null,
          null,
          null
        ]
      },
      "/home/suraj/Desktop/CognitiveCloud Exam/question_2/spec/rails_helper.rb": {
        "lines": [
          null,
          1,
          1,
          1,
          null,
          1,
          1,
          null,
          null,
          null,
          null,
          null,
          null,
          null,
          null,
          null,
          null,
          null,
          null,
          null,
          null,
          null,
          null,
          null,
          1,
          null,
          1,
          null,
          null,
          null,
          null,
          null,
          null,
          null,
          null,
          null,
          null,
          null,
          null,
          null,
          null,
          null,
          null,
          null,
          null,
          null,
          null,
          null,
          1,
          null,
          null,
          1,
          null,
          null,
          null
        ]
      },
      "/home/suraj/Desktop/CognitiveCloud Exam/question_2/config/environment.rb": {
        "lines": [
          null,
          1,
          null,
          null,
          1
        ]
      },
      "/home/suraj/Desktop/CognitiveCloud Exam/question_2/config/application.rb": {
        "lines": [
          1,
          null,
          1,
          null,
          1,
          1,
          null,
          null,
          1,
          1,
          null,
          null,
          1,
          1,
          null,
          1,
          null,
          null,
          null,
          1,
          null,
          1,
          1,
          null,
          1,
          null,
          null,
          null,
          null,
          null,
          null,
          null,
          null,
          null,
          1,
          null,
          null
        ]
      },
      "/home/suraj/Desktop/CognitiveCloud Exam/question_2/config/boot.rb": {
        "lines": [
          1,
          null,
          1,
          1
        ]
      },
      "/home/suraj/Desktop/CognitiveCloud Exam/question_2/config/environments/test.rb": {
        "lines": [
          null,
          null,
          null,
          null,
          null,
          1,
          null,
          null,
          1,
          1,
          null,
          null,
          null,
          null,
          1,
          null,
          null,
          1,
          1,
          null,
          null,
          null,
          null,
          1,
          1,
          1,
          null,
          null,
          1,
          null,
          null,
          1,
          null,
          1,
          null,
          null,
          null,
          null,
          1,
          null,
          null,
          1,
          null,
          null,
          null,
          null
        ]
      },
      "/home/suraj/Desktop/CognitiveCloud Exam/question_2/config/initializers/application_controller_renderer.rb": {
        "lines": [
          null,
          null,
          null,
          null,
          null,
          null,
          null,
          null
        ]
      },
      "/home/suraj/Desktop/CognitiveCloud Exam/question_2/config/initializers/backtrace_silencers.rb": {
        "lines": [
          null,
          null,
          null,
          null,
          null,
          null,
          null
        ]
      },
      "/home/suraj/Desktop/CognitiveCloud Exam/question_2/config/initializers/cors.rb": {
        "lines": [
          null,
          null,
          null,
          null,
          null,
          null,
          null,
          null,
          null,
          null,
          null,
          null,
          null,
          null,
          null,
          null
        ]
      },
      "/home/suraj/Desktop/CognitiveCloud Exam/question_2/config/initializers/filter_parameter_logging.rb": {
        "lines": [
          null,
          null,
          null,
          1
        ]
      },
      "/home/suraj/Desktop/CognitiveCloud Exam/question_2/config/initializers/inflections.rb": {
        "lines": [
          null,
          null,
          null,
          null,
          null,
          null,
          null,
          null,
          null,
          null,
          null,
          null,
          null,
          null,
          null,
          null
        ]
      },
      "/home/suraj/Desktop/CognitiveCloud Exam/question_2/config/initializers/mime_types.rb": {
        "lines": [
          null,
          null,
          null,
          null
        ]
      },
      "/home/suraj/Desktop/CognitiveCloud Exam/question_2/config/initializers/wrap_parameters.rb": {
        "lines": [
          null,
          null,
          null,
          null,
          null,
          null,
          1,
          2,
          null
        ]
      },
      "/home/suraj/Desktop/CognitiveCloud Exam/question_2/config/routes.rb": {
        "lines": [
          1,
          1,
          1,
          null,
          null
        ]
      },
      "/home/suraj/Desktop/CognitiveCloud Exam/question_2/app/controllers/api/robot_controller.rb": {
        "lines": [
          1,
          1,
          1,
          null,
          5,
          5,
          null,
          5,
          null,
          null,
          5,
          7,
          5,
          null,
          null,
          null,
          null,
          5,
          null,
          23,
          null,
          23,
          5,
          4,
          null,
          1,
          1,
          null,
          18,
          6,
          12,
          8,
          4,
          4,
          null,
          null,
          null,
          5,
          1,
          null,
          null,
          null,
          1,
          null,
          1,
          4,
          null,
          null,
          null,
          1,
          6,
          1,
          5,
          1,
          4,
          2,
          2,
          1,
          null,
          null,
          null,
          null,
          1,
          4,
          null,
          null,
          null,
          1,
          8,
          4,
          1,
          3,
          1,
          2,
          1,
          null,
          1,
          null,
          null,
          4,
          1,
          3,
          1,
          2,
          1,
          null,
          1,
          null,
          null,
          null,
          null,
          null
        ]
      },
      "/home/suraj/Desktop/CognitiveCloud Exam/question_2/app/controllers/application_controller.rb": {
        "lines": [
          1,
          null
        ]
      }
    },
    "timestamp": 1656044910
  }
}
